2023-09-07 14:26:52.834  INFO 20812 --- [restartedMain] c.example.demo.CouponServiceApplication  : Starting CouponServiceApplication using Java 11.0.18 on DESKTOP-D321L3L with PID 20812 (C:\Users\Nilay\Documents\workspace-spring-tool-suite-4-4.18.1.RELEASE1\coupon-service\target\classes started by Nilay in C:\Users\Nilay\Documents\workspace-spring-tool-suite-4-4.18.1.RELEASE1\coupon-service)
2023-09-07 14:26:52.836  INFO 20812 --- [restartedMain] c.example.demo.CouponServiceApplication  : No active profile set, falling back to 1 default profile: "default"
2023-09-07 14:26:52.933  INFO 20812 --- [restartedMain] .e.DevToolsPropertyDefaultsPostProcessor : Devtools property defaults active! Set 'spring.devtools.add-properties' to 'false' to disable
2023-09-07 14:26:52.937  INFO 20812 --- [restartedMain] .e.DevToolsPropertyDefaultsPostProcessor : For additional web related logging consider setting the 'logging.level.web' property to 'DEBUG'
2023-09-07 14:26:55.166  INFO 20812 --- [restartedMain] .s.d.r.c.RepositoryConfigurationDelegate : Bootstrapping Spring Data JPA repositories in DEFAULT mode.
2023-09-07 14:26:55.485  INFO 20812 --- [restartedMain] .s.d.r.c.RepositoryConfigurationDelegate : Finished Spring Data repository scanning in 301 ms. Found 1 JPA repository interfaces.
2023-09-07 14:26:55.971  INFO 20812 --- [restartedMain] o.s.cloud.context.scope.GenericScope     : BeanFactory id=f4c614f3-b5f6-3e01-af36-2df569c1d03e
2023-09-07 14:26:57.032  INFO 20812 --- [restartedMain] o.s.b.w.embedded.tomcat.TomcatWebServer  : Tomcat initialized with port(s): 8082 (http)
2023-09-07 14:26:57.049  INFO 20812 --- [restartedMain] o.apache.catalina.core.StandardService   : Starting service [Tomcat]
2023-09-07 14:26:57.050  INFO 20812 --- [restartedMain] org.apache.catalina.core.StandardEngine  : Starting Servlet engine: [Apache Tomcat/9.0.79]
2023-09-07 14:26:57.248  INFO 20812 --- [restartedMain] o.a.c.c.C.[Tomcat].[localhost].[/]       : Initializing Spring embedded WebApplicationContext
2023-09-07 14:26:57.248  INFO 20812 --- [restartedMain] w.s.c.ServletWebServerApplicationContext : Root WebApplicationContext: initialization completed in 4309 ms
2023-09-07 14:26:57.469  INFO 20812 --- [restartedMain] com.zaxxer.hikari.HikariDataSource       : HikariPool-1 - Starting...
2023-09-07 14:26:57.937  INFO 20812 --- [restartedMain] com.zaxxer.hikari.HikariDataSource       : HikariPool-1 - Start completed.
2023-09-07 14:26:57.959  INFO 20812 --- [restartedMain] o.s.b.a.h2.H2ConsoleAutoConfiguration    : H2 console available at '/h2-console'. Database available at 'jdbc:h2:mem:testDB'
2023-09-07 14:26:58.317  INFO 20812 --- [restartedMain] o.hibernate.jpa.internal.util.LogHelper  : HHH000204: Processing PersistenceUnitInfo [name: default]
2023-09-07 14:26:58.417  INFO 20812 --- [restartedMain] org.hibernate.Version                    : HHH000412: Hibernate ORM core version 5.6.15.Final
2023-09-07 14:26:58.742  INFO 20812 --- [restartedMain] o.hibernate.annotations.common.Version   : HCANN000001: Hibernate Commons Annotations {5.1.2.Final}
2023-09-07 14:26:58.985  INFO 20812 --- [restartedMain] org.hibernate.dialect.Dialect            : HHH000400: Using dialect: org.hibernate.dialect.H2Dialect
2023-09-07 14:27:00.037  INFO 20812 --- [restartedMain] o.h.e.t.j.p.i.JtaPlatformInitiator       : HHH000490: Using JtaPlatform implementation: [org.hibernate.engine.transaction.jta.platform.internal.NoJtaPlatform]
2023-09-07 14:27:00.066  INFO 20812 --- [restartedMain] j.LocalContainerEntityManagerFactoryBean : Initialized JPA EntityManagerFactory for persistence unit 'default'
2023-09-07 14:27:01.050  WARN 20812 --- [restartedMain] JpaBaseConfiguration$JpaWebConfiguration : spring.jpa.open-in-view is enabled by default. Therefore, database queries may be performed during view rendering. Explicitly configure spring.jpa.open-in-view to disable this warning
2023-09-07 14:27:03.982  WARN 20812 --- [restartedMain] o.s.b.d.a.OptionalLiveReloadServer       : Unable to start LiveReload server
2023-09-07 14:27:04.517  INFO 20812 --- [restartedMain] DiscoveryClientOptionalArgsConfiguration : Eureka HTTP Client uses RestTemplate.
2023-09-07 14:27:04.620  WARN 20812 --- [restartedMain] iguration$LoadBalancerCaffeineWarnLogger : Spring Cloud LoadBalancer is currently working with the default cache. While this cache implementation is useful for development and tests, it's recommended to use Caffeine cache in production.You can switch to using Caffeine cache, by adding it and org.springframework.cache.caffeine.CaffeineCacheManager to the classpath.
2023-09-07 14:27:04.631  INFO 20812 --- [restartedMain] o.s.b.a.e.web.EndpointLinksResolver      : Exposing 17 endpoint(s) beneath base path '/actuator'
2023-09-07 14:27:04.767  INFO 20812 --- [restartedMain] o.s.c.n.eureka.InstanceInfoFactory       : Setting initial instance status as: STARTING
2023-09-07 14:27:04.849  INFO 20812 --- [restartedMain] com.netflix.discovery.DiscoveryClient    : Initializing Eureka in region us-east-1
2023-09-07 14:27:04.862  INFO 20812 --- [restartedMain] c.n.d.s.r.aws.ConfigClusterResolver      : Resolving eureka endpoints via configuration
2023-09-07 14:27:04.911  INFO 20812 --- [restartedMain] com.netflix.discovery.DiscoveryClient    : Disable delta property : false
2023-09-07 14:27:04.911  INFO 20812 --- [restartedMain] com.netflix.discovery.DiscoveryClient    : Single vip registry refresh property : null
2023-09-07 14:27:04.912  INFO 20812 --- [restartedMain] com.netflix.discovery.DiscoveryClient    : Force full registry fetch : false
2023-09-07 14:27:04.912  INFO 20812 --- [restartedMain] com.netflix.discovery.DiscoveryClient    : Application is null : false
2023-09-07 14:27:04.912  INFO 20812 --- [restartedMain] com.netflix.discovery.DiscoveryClient    : Registered Applications size is zero : true
2023-09-07 14:27:04.912  INFO 20812 --- [restartedMain] com.netflix.discovery.DiscoveryClient    : Application version is -1: true
2023-09-07 14:27:04.912  INFO 20812 --- [restartedMain] com.netflix.discovery.DiscoveryClient    : Getting all instance registry info from the eureka server
2023-09-07 14:27:05.448  INFO 20812 --- [restartedMain] com.netflix.discovery.DiscoveryClient    : The response status is 200
2023-09-07 14:27:05.451  INFO 20812 --- [restartedMain] com.netflix.discovery.DiscoveryClient    : Starting heartbeat executor: renew interval is: 30
2023-09-07 14:27:05.455  INFO 20812 --- [restartedMain] c.n.discovery.InstanceInfoReplicator     : InstanceInfoReplicator onDemand update allowed rate per min is 4
2023-09-07 14:27:05.464  INFO 20812 --- [restartedMain] com.netflix.discovery.DiscoveryClient    : Discovery Client initialized at timestamp 1694077025462 with initial instances count: 0
2023-09-07 14:27:05.466  INFO 20812 --- [restartedMain] o.s.c.n.e.s.EurekaServiceRegistry        : Registering application COUPON-SERVICE with eureka with status UP
2023-09-07 14:27:05.468  INFO 20812 --- [restartedMain] com.netflix.discovery.DiscoveryClient    : Saw local status change event StatusChangeEvent [timestamp=1694077025467, current=UP, previous=STARTING]
2023-09-07 14:27:05.471  INFO 20812 --- [DiscoveryClient-InstanceInfoReplicator-0] com.netflix.discovery.DiscoveryClient    : DiscoveryClient_COUPON-SERVICE/host.docker.internal:coupon-service:8082: registering service...
2023-09-07 14:27:05.517  INFO 20812 --- [restartedMain] o.s.b.w.embedded.tomcat.TomcatWebServer  : Tomcat started on port(s): 8082 (http) with context path ''
2023-09-07 14:27:05.518  INFO 20812 --- [restartedMain] .s.c.n.e.s.EurekaAutoServiceRegistration : Updating port to 8082
2023-09-07 14:27:05.683  INFO 20812 --- [DiscoveryClient-InstanceInfoReplicator-0] com.netflix.discovery.DiscoveryClient    : DiscoveryClient_COUPON-SERVICE/host.docker.internal:coupon-service:8082 - registration status: 204
2023-09-07 14:27:06.152  INFO 20812 --- [restartedMain] c.example.demo.CouponServiceApplication  : Started CouponServiceApplication in 14.829 seconds (JVM running for 16.694)
2023-09-07 14:27:06.811  INFO 20812 --- [registrationTask1] d.c.b.a.c.r.ApplicationRegistrator       : Application registered itself as 117377e31c2c
2023-09-07 14:27:07.160  INFO 20812 --- [RMI TCP Connection(9)-127.0.0.1] o.a.c.c.C.[Tomcat].[localhost].[/]       : Initializing Spring DispatcherServlet 'dispatcherServlet'
2023-09-07 14:27:07.161  INFO 20812 --- [RMI TCP Connection(9)-127.0.0.1] o.s.web.servlet.DispatcherServlet        : Initializing Servlet 'dispatcherServlet'
2023-09-07 14:27:07.164  INFO 20812 --- [RMI TCP Connection(9)-127.0.0.1] o.s.web.servlet.DispatcherServlet        : Completed initialization in 3 ms
2023-09-07 14:27:35.459  INFO 20812 --- [DiscoveryClient-CacheRefreshExecutor-0] com.netflix.discovery.DiscoveryClient    : Disable delta property : false
2023-09-07 14:27:35.459  INFO 20812 --- [DiscoveryClient-CacheRefreshExecutor-0] com.netflix.discovery.DiscoveryClient    : Single vip registry refresh property : null
2023-09-07 14:27:35.459  INFO 20812 --- [DiscoveryClient-CacheRefreshExecutor-0] com.netflix.discovery.DiscoveryClient    : Force full registry fetch : false
2023-09-07 14:27:35.459  INFO 20812 --- [DiscoveryClient-CacheRefreshExecutor-0] com.netflix.discovery.DiscoveryClient    : Application is null : false
2023-09-07 14:27:35.461  INFO 20812 --- [DiscoveryClient-CacheRefreshExecutor-0] com.netflix.discovery.DiscoveryClient    : Registered Applications size is zero : true
2023-09-07 14:27:35.461  INFO 20812 --- [DiscoveryClient-CacheRefreshExecutor-0] com.netflix.discovery.DiscoveryClient    : Application version is -1: false
2023-09-07 14:27:35.461  INFO 20812 --- [DiscoveryClient-CacheRefreshExecutor-0] com.netflix.discovery.DiscoveryClient    : Getting all instance registry info from the eureka server
2023-09-07 14:27:35.489  INFO 20812 --- [DiscoveryClient-CacheRefreshExecutor-0] com.netflix.discovery.DiscoveryClient    : The response status is 200
2023-09-07 14:29:09.929  INFO 20812 --- [http-nio-8082-exec-2] o.springdoc.api.AbstractOpenApiResource  : Init duration for springdoc-openapi is: 153 ms
2023-09-07 14:32:04.917  INFO 20812 --- [AsyncResolver-bootstrap-executor-0] c.n.d.s.r.aws.ConfigClusterResolver      : Resolving eureka endpoints via configuration
2023-09-07 14:37:04.932  INFO 20812 --- [AsyncResolver-bootstrap-executor-0] c.n.d.s.r.aws.ConfigClusterResolver      : Resolving eureka endpoints via configuration
