2023-09-04 17:47:03.896  INFO 8040 --- [restartedMain] com.example.demo.UserServiceApplication  : Starting UserServiceApplication using Java 11.0.18 on DESKTOP-D321L3L with PID 8040 (C:\Users\Nilay\Documents\workspace-spring-tool-suite-4-4.18.1.RELEASE1\user-service\target\classes started by Nilay in C:\Users\Nilay\Documents\workspace-spring-tool-suite-4-4.18.1.RELEASE1\user-service)
2023-09-04 17:47:03.896  INFO 8040 --- [restartedMain] com.example.demo.UserServiceApplication  : No active profile set, falling back to 1 default profile: "default"
2023-09-04 17:47:04.451  INFO 8040 --- [restartedMain] .s.d.r.c.RepositoryConfigurationDelegate : Bootstrapping Spring Data JPA repositories in DEFAULT mode.
2023-09-04 17:47:04.477  INFO 8040 --- [restartedMain] .s.d.r.c.RepositoryConfigurationDelegate : Finished Spring Data repository scanning in 4 ms. Found 0 JPA repository interfaces.
2023-09-04 17:47:04.623  INFO 8040 --- [restartedMain] o.s.b.w.embedded.tomcat.TomcatWebServer  : Tomcat initialized with port(s): 8081 (http)
2023-09-04 17:47:04.624  INFO 8040 --- [restartedMain] o.apache.catalina.core.StandardService   : Starting service [Tomcat]
2023-09-04 17:47:04.625  INFO 8040 --- [restartedMain] org.apache.catalina.core.StandardEngine  : Starting Servlet engine: [Apache Tomcat/9.0.79]
2023-09-04 17:47:04.664  INFO 8040 --- [restartedMain] o.a.c.c.C.[Tomcat].[localhost].[/]       : Initializing Spring embedded WebApplicationContext
2023-09-04 17:47:04.664  INFO 8040 --- [restartedMain] w.s.c.ServletWebServerApplicationContext : Root WebApplicationContext: initialization completed in 765 ms
2023-09-04 17:47:04.771  INFO 8040 --- [restartedMain] o.hibernate.jpa.internal.util.LogHelper  : HHH000204: Processing PersistenceUnitInfo [name: default]
2023-09-04 17:47:04.783  INFO 8040 --- [restartedMain] com.zaxxer.hikari.HikariDataSource       : HikariPool-3 - Starting...
2023-09-04 17:47:04.789  INFO 8040 --- [restartedMain] com.zaxxer.hikari.HikariDataSource       : HikariPool-3 - Start completed.
2023-09-04 17:47:04.791  INFO 8040 --- [restartedMain] org.hibernate.dialect.Dialect            : HHH000400: Using dialect: org.hibernate.dialect.MariaDB103Dialect
2023-09-04 17:47:04.874  INFO 8040 --- [restartedMain] o.h.e.t.j.p.i.JtaPlatformInitiator       : HHH000490: Using JtaPlatform implementation: [org.hibernate.engine.transaction.jta.platform.internal.NoJtaPlatform]
2023-09-04 17:47:04.875  INFO 8040 --- [restartedMain] j.LocalContainerEntityManagerFactoryBean : Initialized JPA EntityManagerFactory for persistence unit 'default'
2023-09-04 17:47:04.955  WARN 8040 --- [restartedMain] JpaBaseConfiguration$JpaWebConfiguration : spring.jpa.open-in-view is enabled by default. Therefore, database queries may be performed during view rendering. Explicitly configure spring.jpa.open-in-view to disable this warning
2023-09-04 17:47:05.243  INFO 8040 --- [restartedMain] o.s.b.d.a.OptionalLiveReloadServer       : LiveReload server is running on port 35729
2023-09-04 17:47:05.251  INFO 8040 --- [restartedMain] o.s.b.a.e.web.EndpointLinksResolver      : Exposing 14 endpoint(s) beneath base path '/actuator'
2023-09-04 17:47:05.286  INFO 8040 --- [restartedMain] o.s.b.w.embedded.tomcat.TomcatWebServer  : Tomcat started on port(s): 8081 (http) with context path ''
2023-09-04 17:47:05.311  INFO 8040 --- [restartedMain] com.example.demo.UserServiceApplication  : Started UserServiceApplication in 1.494 seconds (JVM running for 155.269)
2023-09-04 17:47:05.321  INFO 8040 --- [restartedMain] .ConditionEvaluationDeltaLoggingListener : Condition evaluation delta:


==========================
CONDITION EVALUATION DELTA
==========================


Positive matches:
-----------------

   LogFileWebEndpointAutoConfiguration#logFileWebEndpoint matched:
      - Log File found logging.file.name user-service.log (LogFileWebEndpointAutoConfiguration.LogFileCondition)
      - @ConditionalOnMissingBean (types: org.springframework.boot.actuate.logging.LogFileWebEndpoint; SearchStrategy: all) did not find any beans (OnBeanCondition)


Negative matches:
-----------------

    None


Exclusions:
-----------

    None


Unconditional classes:
----------------------

    None



2023-09-04 17:47:13.447  INFO 8040 --- [RMI TCP Connection(18)-127.0.0.1] inMXBeanRegistrar$SpringApplicationAdmin : Application shutdown requested.
2023-09-04 17:47:13.649  INFO 8040 --- [RMI TCP Connection(18)-127.0.0.1] o.apache.catalina.core.StandardService   : Stopping service [Tomcat]
2023-09-04 17:47:13.657  INFO 8040 --- [RMI TCP Connection(18)-127.0.0.1] j.LocalContainerEntityManagerFactoryBean : Closing JPA EntityManagerFactory for persistence unit 'default'
2023-09-04 17:47:13.658  INFO 8040 --- [RMI TCP Connection(18)-127.0.0.1] com.zaxxer.hikari.HikariDataSource       : HikariPool-3 - Shutdown initiated...
2023-09-04 17:47:13.665  INFO 8040 --- [RMI TCP Connection(18)-127.0.0.1] com.zaxxer.hikari.HikariDataSource       : HikariPool-3 - Shutdown completed.
2023-09-04 17:47:25.803  INFO 15412 --- [restartedMain] com.example.demo.UserServiceApplication  : Starting UserServiceApplication using Java 11.0.18 on DESKTOP-D321L3L with PID 15412 (C:\Users\Nilay\Documents\workspace-spring-tool-suite-4-4.18.1.RELEASE1\user-service\target\classes started by Nilay in C:\Users\Nilay\Documents\workspace-spring-tool-suite-4-4.18.1.RELEASE1\user-service)
2023-09-04 17:47:25.807  INFO 15412 --- [restartedMain] com.example.demo.UserServiceApplication  : No active profile set, falling back to 1 default profile: "default"
2023-09-04 17:47:25.921  INFO 15412 --- [restartedMain] .e.DevToolsPropertyDefaultsPostProcessor : Devtools property defaults active! Set 'spring.devtools.add-properties' to 'false' to disable
2023-09-04 17:47:25.923  INFO 15412 --- [restartedMain] .e.DevToolsPropertyDefaultsPostProcessor : For additional web related logging consider setting the 'logging.level.web' property to 'DEBUG'
2023-09-04 17:47:27.775  INFO 15412 --- [restartedMain] .s.d.r.c.RepositoryConfigurationDelegate : Bootstrapping Spring Data JPA repositories in DEFAULT mode.
2023-09-04 17:47:27.805  INFO 15412 --- [restartedMain] .s.d.r.c.RepositoryConfigurationDelegate : Finished Spring Data repository scanning in 13 ms. Found 0 JPA repository interfaces.
2023-09-04 17:47:28.922  INFO 15412 --- [restartedMain] o.s.b.w.embedded.tomcat.TomcatWebServer  : Tomcat initialized with port(s): 8081 (http)
2023-09-04 17:47:28.943  INFO 15412 --- [restartedMain] o.apache.catalina.core.StandardService   : Starting service [Tomcat]
2023-09-04 17:47:28.943  INFO 15412 --- [restartedMain] org.apache.catalina.core.StandardEngine  : Starting Servlet engine: [Apache Tomcat/9.0.79]
2023-09-04 17:47:29.110  INFO 15412 --- [restartedMain] o.a.c.c.C.[Tomcat].[localhost].[/]       : Initializing Spring embedded WebApplicationContext
2023-09-04 17:47:29.110  INFO 15412 --- [restartedMain] w.s.c.ServletWebServerApplicationContext : Root WebApplicationContext: initialization completed in 3186 ms
2023-09-04 17:47:29.693  INFO 15412 --- [restartedMain] o.hibernate.jpa.internal.util.LogHelper  : HHH000204: Processing PersistenceUnitInfo [name: default]
2023-09-04 17:47:29.797  INFO 15412 --- [restartedMain] org.hibernate.Version                    : HHH000412: Hibernate ORM core version 5.6.15.Final
2023-09-04 17:47:30.139  INFO 15412 --- [restartedMain] o.hibernate.annotations.common.Version   : HCANN000001: Hibernate Commons Annotations {5.1.2.Final}
2023-09-04 17:47:30.375  INFO 15412 --- [restartedMain] com.zaxxer.hikari.HikariDataSource       : HikariPool-1 - Starting...
2023-09-04 17:47:30.623  INFO 15412 --- [restartedMain] com.zaxxer.hikari.HikariDataSource       : HikariPool-1 - Start completed.
2023-09-04 17:47:30.708  INFO 15412 --- [restartedMain] org.hibernate.dialect.Dialect            : HHH000400: Using dialect: org.hibernate.dialect.MariaDB103Dialect
2023-09-04 17:47:31.922  INFO 15412 --- [restartedMain] o.h.e.t.j.p.i.JtaPlatformInitiator       : HHH000490: Using JtaPlatform implementation: [org.hibernate.engine.transaction.jta.platform.internal.NoJtaPlatform]
2023-09-04 17:47:31.944  INFO 15412 --- [restartedMain] j.LocalContainerEntityManagerFactoryBean : Initialized JPA EntityManagerFactory for persistence unit 'default'
2023-09-04 17:47:32.129  WARN 15412 --- [restartedMain] JpaBaseConfiguration$JpaWebConfiguration : spring.jpa.open-in-view is enabled by default. Therefore, database queries may be performed during view rendering. Explicitly configure spring.jpa.open-in-view to disable this warning
2023-09-04 17:47:33.019  INFO 15412 --- [restartedMain] o.s.b.d.a.OptionalLiveReloadServer       : LiveReload server is running on port 35729
2023-09-04 17:47:33.026  INFO 15412 --- [restartedMain] o.s.b.a.e.web.EndpointLinksResolver      : Exposing 14 endpoint(s) beneath base path '/actuator'
2023-09-04 17:47:33.116  INFO 15412 --- [restartedMain] o.s.b.w.embedded.tomcat.TomcatWebServer  : Tomcat started on port(s): 8081 (http) with context path ''
2023-09-04 17:47:33.150  INFO 15412 --- [restartedMain] com.example.demo.UserServiceApplication  : Started UserServiceApplication in 8.312 seconds (JVM running for 9.452)
2023-09-04 17:47:34.118  INFO 15412 --- [RMI TCP Connection(9)-127.0.0.1] o.a.c.c.C.[Tomcat].[localhost].[/]       : Initializing Spring DispatcherServlet 'dispatcherServlet'
2023-09-04 17:47:34.120  INFO 15412 --- [RMI TCP Connection(9)-127.0.0.1] o.s.web.servlet.DispatcherServlet        : Initializing Servlet 'dispatcherServlet'
2023-09-04 17:47:34.123  INFO 15412 --- [RMI TCP Connection(9)-127.0.0.1] o.s.web.servlet.DispatcherServlet        : Completed initialization in 1 ms
2023-09-04 17:50:10.380  INFO 15412 --- [File Watcher] rtingClassPathChangeChangedEventListener : Restarting due to 2 class path changes (0 additions, 0 deletions, 2 modifications)
2023-09-04 17:50:10.759  INFO 15412 --- [Thread-5] o.apache.catalina.core.StandardService   : Stopping service [Tomcat]
2023-09-04 17:50:10.763  INFO 15412 --- [Thread-5] o.a.c.c.C.[Tomcat].[localhost].[/]       : Destroying Spring FrameworkServlet 'dispatcherServlet'
2023-09-04 17:50:10.787  INFO 15412 --- [Thread-5] j.LocalContainerEntityManagerFactoryBean : Closing JPA EntityManagerFactory for persistence unit 'default'
2023-09-04 17:50:10.800  INFO 15412 --- [Thread-5] com.zaxxer.hikari.HikariDataSource       : HikariPool-1 - Shutdown initiated...
2023-09-04 17:50:10.815  INFO 15412 --- [Thread-5] com.zaxxer.hikari.HikariDataSource       : HikariPool-1 - Shutdown completed.
2023-09-04 17:50:11.000  INFO 15412 --- [restartedMain] com.example.demo.UserServiceApplication  : Starting UserServiceApplication using Java 11.0.18 on DESKTOP-D321L3L with PID 15412 (C:\Users\Nilay\Documents\workspace-spring-tool-suite-4-4.18.1.RELEASE1\user-service\target\classes started by Nilay in C:\Users\Nilay\Documents\workspace-spring-tool-suite-4-4.18.1.RELEASE1\user-service)
2023-09-04 17:50:11.001  INFO 15412 --- [restartedMain] com.example.demo.UserServiceApplication  : No active profile set, falling back to 1 default profile: "default"
2023-09-04 17:50:11.782  INFO 15412 --- [restartedMain] .s.d.r.c.RepositoryConfigurationDelegate : Bootstrapping Spring Data JPA repositories in DEFAULT mode.
2023-09-04 17:50:11.787  INFO 15412 --- [restartedMain] .s.d.r.c.RepositoryConfigurationDelegate : Finished Spring Data repository scanning in 4 ms. Found 0 JPA repository interfaces.
2023-09-04 17:50:12.033  INFO 15412 --- [restartedMain] o.s.b.w.embedded.tomcat.TomcatWebServer  : Tomcat initialized with port(s): 8081 (http)
2023-09-04 17:50:12.035  INFO 15412 --- [restartedMain] o.apache.catalina.core.StandardService   : Starting service [Tomcat]
2023-09-04 17:50:12.036  INFO 15412 --- [restartedMain] org.apache.catalina.core.StandardEngine  : Starting Servlet engine: [Apache Tomcat/9.0.79]
2023-09-04 17:50:12.097  INFO 15412 --- [restartedMain] o.a.c.c.C.[Tomcat].[localhost].[/]       : Initializing Spring embedded WebApplicationContext
2023-09-04 17:50:12.097  INFO 15412 --- [restartedMain] w.s.c.ServletWebServerApplicationContext : Root WebApplicationContext: initialization completed in 1091 ms
2023-09-04 17:50:12.261  INFO 15412 --- [restartedMain] o.hibernate.jpa.internal.util.LogHelper  : HHH000204: Processing PersistenceUnitInfo [name: default]
2023-09-04 17:50:12.277  INFO 15412 --- [restartedMain] com.zaxxer.hikari.HikariDataSource       : HikariPool-2 - Starting...
2023-09-04 17:50:12.285  INFO 15412 --- [restartedMain] com.zaxxer.hikari.HikariDataSource       : HikariPool-2 - Start completed.
2023-09-04 17:50:12.286  INFO 15412 --- [restartedMain] org.hibernate.dialect.Dialect            : HHH000400: Using dialect: org.hibernate.dialect.MariaDB103Dialect
2023-09-04 17:50:12.393  INFO 15412 --- [restartedMain] o.h.e.t.j.p.i.JtaPlatformInitiator       : HHH000490: Using JtaPlatform implementation: [org.hibernate.engine.transaction.jta.platform.internal.NoJtaPlatform]
2023-09-04 17:50:12.393  INFO 15412 --- [restartedMain] j.LocalContainerEntityManagerFactoryBean : Initialized JPA EntityManagerFactory for persistence unit 'default'
2023-09-04 17:50:12.491  WARN 15412 --- [restartedMain] JpaBaseConfiguration$JpaWebConfiguration : spring.jpa.open-in-view is enabled by default. Therefore, database queries may be performed during view rendering. Explicitly configure spring.jpa.open-in-view to disable this warning
2023-09-04 17:50:12.871  INFO 15412 --- [restartedMain] o.s.b.d.a.OptionalLiveReloadServer       : LiveReload server is running on port 35729
2023-09-04 17:50:12.879  INFO 15412 --- [restartedMain] o.s.b.a.e.web.EndpointLinksResolver      : Exposing 14 endpoint(s) beneath base path '/actuator'
2023-09-04 17:50:12.923  INFO 15412 --- [restartedMain] o.s.b.w.embedded.tomcat.TomcatWebServer  : Tomcat started on port(s): 8081 (http) with context path ''
2023-09-04 17:50:12.951  INFO 15412 --- [restartedMain] com.example.demo.UserServiceApplication  : Started UserServiceApplication in 2.032 seconds (JVM running for 169.252)
2023-09-04 17:50:12.956  INFO 15412 --- [restartedMain] .ConditionEvaluationDeltaLoggingListener : Condition evaluation unchanged
2023-09-04 17:50:23.883  INFO 15412 --- [http-nio-8081-exec-2] o.a.c.c.C.[Tomcat].[localhost].[/]       : Initializing Spring DispatcherServlet 'dispatcherServlet'
2023-09-04 17:50:23.885  INFO 15412 --- [http-nio-8081-exec-2] o.s.web.servlet.DispatcherServlet        : Initializing Servlet 'dispatcherServlet'
2023-09-04 17:50:23.886  INFO 15412 --- [http-nio-8081-exec-2] o.s.web.servlet.DispatcherServlet        : Completed initialization in 1 ms
